['MVD']|['BUE']|['2020-06-26', '2020-07-03']|50|200|
['MVD']|['BUE']|['2020-06-26', '2020-07-03']|50|200|
['WLR']|['BUE']|['2020-06-18', '2020-06-18']|50|200|
['WLR']|['BUE']|['2020-06-26', '2020-07-03']|50|200|
['MVD']|['BUE']|['2020-06-26', '2020-07-03']|50|200|
['MVD']|['BUE']|['2020-06-29', '2020-07-06']|50|200|
['MVD']|['BUE']|['2020-06-29', '2020-07-06']|50|200|
['MVD']|['BUE']|['2020-06-19', '2020-06-19']|50|200|
['MVD']|['BUE']|['2020-06-27', '2020-07-04']|50|200|
['MVD']|['MVD']|['2020-07-19', '2020-07-26']|50|200|
['MVD']|['MVD']|['2020-07-19', '2020-08-02']|50|200|
['MVD']|['MVD']|['2020-08-18', '2020-08-25']|50|200|
['MVD']|['MVD']|['2020-08-18', '2020-09-01']|50|200|
['MVD']|['BUE']|['2020-07-19', '2020-07-26']|50|200|
['MVD']|['BUE']|['2020-07-19', '2020-08-02']|50|200|
['MVD']|['BUE']|['2020-08-18', '2020-08-25']|50|200|
['MVD']|['BUE']|['2020-08-18', '2020-09-01']|50|200|
['MVD']|['SCL']|['2020-07-19', '2020-07-26']|50|200|
['MVD']|['SCL']|['2020-07-19', '2020-08-02']|50|200|
['MVD']|['SCL']|['2020-08-18', '2020-08-25']|50|200|
['MVD']|['SCL']|['2020-08-18', '2020-09-01']|50|200|
['MVD']|['MIA']|['2020-07-19', '2020-07-26']|50|200|
['MVD']|['MIA']|['2020-07-19', '2020-08-02']|50|200|
['MVD']|['MIA']|['2020-08-18', '2020-08-25']|50|200|
['MVD']|['MIA']|['2020-08-18', '2020-09-01']|50|200|
['MVD']|['NYC']|['2020-07-19', '2020-07-26']|50|200|
['MVD']|['NYC']|['2020-07-19', '2020-08-02']|50|200|
['MVD']|['NYC']|['2020-08-18', '2020-08-25']|50|200|
['MVD']|['NYC']|['2020-08-18', '2020-09-01']|50|200|
['MVD']|['SYD']|['2020-07-19', '2020-07-26']|50|200|
['MVD']|['SYD']|['2020-07-19', '2020-08-02']|50|200|
['MVD']|['SYD']|['2020-08-18', '2020-08-25']|50|200|
['MVD']|['SYD']|['2020-08-18', '2020-09-01']|50|200|
['MVD']|['MAD']|['2020-07-19', '2020-07-26']|50|200|
['MVD']|['MAD']|['2020-07-19', '2020-08-02']|50|200|
['MVD']|['MAD']|['2020-08-18', '2020-08-25']|50|200|
['MVD']|['MAD']|['2020-08-18', '2020-09-01']|50|200|
['MVD']|['MEX']|['2020-07-19', '2020-07-26']|50|200|
['MVD']|['MEX']|['2020-07-19', '2020-08-02']|50|200|
['MVD']|['MEX']|['2020-08-18', '2020-08-25']|50|200|
['MVD']|['MEX']|['2020-08-18', '2020-09-01']|50|200|
['MVD']|['LON']|['2020-07-19', '2020-07-26']|50|200|
['MVD']|['LON']|['2020-07-19', '2020-08-02']|50|200|
['MVD']|['LON']|['2020-08-18', '2020-08-25']|50|200|
['MVD']|['LON']|['2020-08-18', '2020-09-01']|50|200|
['BUE']|['MVD']|['2020-07-19', '2020-07-26']|50|200|
['BUE']|['MVD']|['2020-07-19', '2020-08-02']|50|200|
['BUE']|['MVD']|['2020-08-18', '2020-08-25']|50|200|
['BUE']|['MVD']|['2020-08-18', '2020-09-01']|50|200|
['BUE']|['BUE']|['2020-07-19', '2020-07-26']|50|200|
['BUE']|['BUE']|['2020-07-19', '2020-08-02']|50|200|
['BUE']|['BUE']|['2020-08-18', '2020-08-25']|50|200|
['BUE']|['BUE']|['2020-08-18', '2020-09-01']|50|200|
['BUE']|['SCL']|['2020-07-19', '2020-07-26']|50|200|
['BUE']|['SCL']|['2020-07-19', '2020-08-02']|50|200|
['BUE']|['SCL']|['2020-08-18', '2020-08-25']|50|200|
['BUE']|['SCL']|['2020-08-18', '2020-09-01']|50|200|
['BUE']|['MIA']|['2020-07-19', '2020-07-26']|50|200|
['BUE']|['MIA']|['2020-07-19', '2020-08-02']|50|200|
['BUE']|['MIA']|['2020-08-18', '2020-08-25']|50|200|
['BUE']|['MIA']|['2020-08-18', '2020-09-01']|50|200|
['BUE']|['NYC']|['2020-07-19', '2020-07-26']|50|200|
['BUE']|['NYC']|['2020-07-19', '2020-08-02']|50|200|
['MVD']|['BUE']|['2020-06-19', '2020-06-19']|50|200|
['MVD']|['LHR']|['2020-06-26', '2020-07-03']|50|200|
['MVD']|['MVD']|['2020-07-25', '2020-08-01']|50|200|
['MVD']|['MVD']|['2020-07-25', '2020-08-08']|50|200|
['MVD']|['MVD']|['2020-08-24', '2020-08-31']|50|200|
['MVD']|['MVD']|['2020-08-24', '2020-09-07']|50|200|
['MVD']|['BUE']|['2020-07-25', '2020-08-01']|50|200|
['MVD']|['BUE']|['2020-07-25', '2020-08-08']|50|200|
['MVD']|['BUE']|['2020-08-24', '2020-08-31']|50|200|
['MVD']|['BUE']|['2020-08-24', '2020-09-07']|50|200|
['MVD']|['SCL']|['2020-07-25', '2020-08-01']|50|200|
['MVD']|['SCL']|['2020-07-25', '2020-08-08']|50|200|
['MVD']|['SCL']|['2020-08-24', '2020-08-31']|50|200|
['MVD']|['SCL']|['2020-08-24', '2020-09-07']|50|200|
['MVD']|['MIA']|['2020-07-25', '2020-08-01']|50|200|
['MVD']|['MIA']|['2020-07-25', '2020-08-08']|50|200|
['MVD']|['BUE']|['2020-07-02', '2020-07-09']|50|200|
['MVD']|['BUE']|['2020-07-02', '2020-07-09']|50|200|
['MVD']|['BUE']|['2020-06-27', '2020-07-04']|50|200|
['MVD']|['BUE']|['2020-06-27', '2020-07-18']|50|200|
['MVD']|['BUE']|['2020-06-27', '2020-07-18']|50|200|
['MVD']|['BUE']|['2020-06-25', '2020-06-25']|50|200|
['MVD']|['BUE']|['2020-06-25', '2020-06-25']|50|200|
['MVD']|['BUE']|['2020-06-25', '2020-06-25']|50|200|
['MVD']|['BUE']|['2020-06-25', '2020-06-25']|50|200|
['MVD']|['BUE']|['2020-06-25', '2020-06-25']|50|200|
['MVD']|['BUE']|['2020-06-25', '2020-06-25']|50|200|
['MVD']|['BUE']|['2020-06-25', '2020-06-25']|50|200|
['MVD']|['BUE']|['2020-06-25', '2020-06-25']|50|200|
['MVD']|['BUE']|['2020-06-25', '2020-06-25']|50|200|
['MVD']|['BUE']|['2020-06-25', '2020-06-25']|50|200|
['MVD']|['BUE']|['2020-06-25', '2020-06-25']|50|200|
['MVD']|['BUE']|['2020-06-25', '2020-06-25']|50|200|
['MVD']|['BUE']|['2020-06-25', '2020-06-25']|50|200|
['MVD']|['BUE']|['2020-06-25', '2020-06-25']|50|200|
['MVD']|['BUE']|['2020-06-25', '2020-06-25']|50|200|
['MVD']|['BUE']|['2020-06-25', '2020-06-25']|50|200|
['MVD']|['BUE']|['2020-06-25', '2020-06-25']|50|200|
['MVD']|['BUE']|['2020-06-25', '2020-06-25']|50|200|
['MVD']|['BUE']|['2020-06-25', '2020-06-25']|50|200|
['MVD']|['BUE']|['2020-06-25', '2020-06-25']|50|200|
['MVD']|['BUE']|['2020-06-28', '2020-07-05']|50|200|
['MVD']|['BUE']|['2020-06-28', '2020-08-13']|50|200|
['MVD']|['BUE']|['2020-06-25', '2020-06-25']|50|200|
['MVD']|['BUE']|['2020-06-25', '2020-06-25']|50|200|
['MVD']|['MVD']|['2020-07-25', '2020-08-01']|50|200|
['MVD']|['MVD']|['2020-07-25', '2020-08-08']|50|200|
['MVD']|['MVD']|['2020-08-24', '2020-08-31']|50|200|
['MVD']|['MVD']|['2020-08-24', '2020-09-07']|50|200|
['MVD']|['BUE']|['2020-07-25', '2020-08-01']|50|200|
['MVD']|['BUE']|['2020-07-25', '2020-08-08']|50|200|
['MVD']|['BUE']|['2020-08-24', '2020-08-31']|50|200|
['MVD']|['MVD']|['2020-07-25', '2020-08-01']|50|200|
['MVD']|['MVD']|['2020-07-25', '2020-08-08']|50|200|
['MVD']|['MVD']|['2020-07-25', '2020-08-01']|50|200|
['MVD']|['MVD']|['2020-07-25', '2020-08-08']|50|200|
['MVD']|['MVD']|['2020-08-24', '2020-08-31']|50|200|
['MVD']|['MVD']|['2020-08-24', '2020-09-07']|50|200|
['MVD']|['BUE']|['2020-07-25', '2020-08-01']|50|200|
['MVD']|['BUE']|['2020-07-25', '2020-08-08']|50|200|
['MVD']|['BUE']|['2020-08-24', '2020-08-31']|50|200|
['MVD']|['BUE']|['2020-08-24', '2020-09-07']|50|200|
['MVD']|['MVD']|['2020-07-25', '2020-08-01']|50|200|
['MVD']|['MVD']|['2020-07-25', '2020-08-08']|50|200|
['MVD']|['MVD']|['2020-08-24', '2020-08-31']|50|200|
['MVD']|['MVD']|['2020-08-24', '2020-09-07']|50|200|
['MVD']|['BUE']|['2020-07-25', '2020-08-01']|50|200|
['MVD']|['BUE']|['2020-07-25', '2020-08-08']|50|200|
['MVD']|['BUE']|['2020-08-24', '2020-08-31']|50|200|
['MVD']|['BUE']|['2020-08-24', '2020-09-07']|50|200|
['MVD']|['SCL']|['2020-07-25', '2020-08-01']|50|200|
['MVD']|['MVD']|['2020-07-25', '2020-08-01']|50|200|
['MVD']|['MVD']|['2020-07-25', '2020-08-08']|50|200|
['MVD']|['MVD']|['2020-08-24', '2020-08-31']|50|200|
['MVD']|['MVD']|['2020-08-24', '2020-09-07']|50|200|
['MVD']|['BUE']|['2020-07-25', '2020-08-01']|50|200|
['MVD']|['BUE']|['2020-07-25', '2020-08-08']|50|200|
['MVD']|['BUE']|['2020-08-24', '2020-08-31']|50|200|
['MVD']|['MVD']|['2020-07-25', '2020-08-01']|50|200|
['MVD']|['SCL']|['2020-07-25', '2020-08-01']|50|200|
['MVD']|['MVD']|['2020-07-25', '2020-08-08']|50|200|
['MVD']|['MVD']|['2020-07-25', '2020-08-01']|50|200|
['MVD']|['MVD']|['2020-07-25', '2020-08-08']|50|200|
['MVD']|['MVD']|['2020-08-24', '2020-08-31']|50|200|
['MVD']|['MVD']|['2020-08-24', '2020-09-07']|50|200|
['MVD']|['BUE']|['2020-08-24', '2020-09-07']|50|200|
['MVD']|['SCL']|['2020-07-25', '2020-08-01']|50|200|
['MVD']|['SCL']|['2020-07-25', '2020-08-08']|50|200|
['MVD']|['SCL']|['2020-08-24', '2020-08-31']|50|200|
['MVD']|['SCL']|['2020-08-24', '2020-09-07']|50|200|
['MVD']|['MIA']|['2020-07-25', '2020-08-01']|50|200|
['MVD']|['MIA']|['2020-07-25', '2020-08-08']|50|200|
['MVD']|['MIA']|['2020-08-24', '2020-08-31']|50|200|
['MVD']|['MIA']|['2020-08-24', '2020-09-07']|50|200|
['MVD']|['NYC']|['2020-07-25', '2020-08-01']|50|200|
['MVD']|['NYC']|['2020-07-25', '2020-08-08']|50|200|
['MVD']|['NYC']|['2020-08-24', '2020-08-31']|50|200|
['MVD']|['NYC']|['2020-08-24', '2020-09-07']|50|200|
['MVD']|['SYD']|['2020-07-25', '2020-08-01']|50|200|
['MVD']|['SYD']|['2020-07-25', '2020-08-08']|50|200|
['MVD']|['SYD']|['2020-08-24', '2020-08-31']|50|200|
['MVD']|['SYD']|['2020-08-24', '2020-09-07']|50|200|
['MVD']|['MAD']|['2020-07-25', '2020-08-01']|50|200|
['MVD']|['MAD']|['2020-07-25', '2020-08-08']|50|200|
['MVD']|['MAD']|['2020-08-24', '2020-08-31']|50|200|
['MVD']|['MAD']|['2020-08-24', '2020-09-07']|50|200|
['MVD']|['MEX']|['2020-07-25', '2020-08-01']|50|200|
['MVD']|['MEX']|['2020-07-25', '2020-08-08']|50|200|
['MVD']|['MEX']|['2020-08-24', '2020-08-31']|50|200|
['MVD']|['BUE']|['2020-08-14', '2020-08-21']|50|200|
['MVD']|['BUE']|['2020-06-25', '2020-06-25']|50|200|
['MVD']|['BUE']|['2020-06-25', '2020-06-25']|50|200|
['MVD']|['BUE']|['2020-06-25', '2020-06-25']|50|200|
['MVD']|['BUE']|['2020-06-25', '2020-06-25']|50|200|
['MVD']|['BUE']|['2020-06-25', '2020-06-25']|50|200|
['MVD']|['BUE']|['2020-06-25', '2020-06-25']|50|200|
['MVD']|['BUE']|['2020-06-27', '2020-07-04']|50|200|
['MVD']|['BUE']|['2020-06-04', '2020-07-04']|50|200|
['MVD']|['BUE']|['2020-06-04', '2020-07-04']|50|200|
['MVD']|['BUE']|['2020-06-04', '2020-07-04']|50|200|
['MVD']|['BUE']|['2020-06-04', '2020-07-04']|50|200|
['MVD']|['BUE']|['2020-06-28', '2020-07-04']|50|200|
['MVD']|['BUE']|['2020-06-28', '2020-07-05']|50|200|
['MVD']|['BUE']|['2020-06-26', '2020-06-26']|50|200|
['MVD']|['BUE']|['2020-07-17', '2020-07-24']|50|200|
['MVD']|['BUE']|['2020-07-17', '2020-07-24']|50|200|
['MVD']|['BUE']|['2020-06-27', '2020-07-04']|50|200|
['MVD']|['BUE']|['2020-06-26', '2020-06-26']|50|200|
['MVD']|['A']|['2020-06-26', '2020-06-26']|50|200|
['MVD']|['A']|['2020-06-26', '2020-06-26']|50|200|
['MVD']|['A']|['2020-06-26', '2020-06-26']|50|200|
['MVD']|['A']|['2020-06-26', '2020-06-26']|50|200|
['MVD']|['A']|['2020-06-26', '2020-06-26']|50|200|
['MVD']|['A']|['2020-06-26', '2020-06-26']|50|200|
['MVD']|['A']|['2020-06-26', '2020-06-26']|50|200|
['MVD']|['A']|['2020-06-26', '2020-06-26']|50|200|
['MVD']|['A']|['2020-06-26', '2020-06-26']|50|200|
['MVD']|['MVD']|['2020-07-26', '2020-08-02']|50|200|
['MVD']|['MVD']|['2020-07-26', '2020-08-09']|50|200|
['MVD']|['MVD']|['2020-08-25', '2020-09-01']|50|200|
['MVD']|['MVD']|['2020-08-25', '2020-09-08']|50|200|
['MVD']|['BUE']|['2020-07-26', '2020-08-02']|50|200|
['MVD']|['BUE']|['2020-07-26', '2020-08-09']|50|200|
['MVD']|['BUE']|['2020-08-25', '2020-09-01']|50|200|
['MVD']|['BUE']|['2020-08-25', '2020-09-08']|50|200|
['MVD']|['SCL']|['2020-07-26', '2020-08-02']|50|200|
['MVD']|['SCL']|['2020-07-26', '2020-08-09']|50|200|
['MVD']|['SCL']|['2020-08-25', '2020-09-01']|50|200|
['MVD']|['SCL']|['2020-08-25', '2020-09-08']|50|200|
['MVD']|['MIA']|['2020-07-26', '2020-08-02']|50|200|
['MVD']|['MIA']|['2020-07-26', '2020-08-09']|50|200|
['MVD']|['MIA']|['2020-08-25', '2020-09-01']|50|200|
['MVD']|['MIA']|['2020-08-25', '2020-09-08']|50|200|
['MVD']|['NYC']|['2020-07-26', '2020-08-02']|50|200|
['MVD']|['NYC']|['2020-07-26', '2020-08-09']|50|200|
['MVD']|['NYC']|['2020-08-25', '2020-09-01']|50|200|
['MVD']|['NYC']|['2020-08-25', '2020-09-08']|50|200|
['MVD']|['SYD']|['2020-07-26', '2020-08-02']|50|200|
['MVD']|['SYD']|['2020-07-26', '2020-08-09']|50|200|
['MVD']|['SYD']|['2020-08-25', '2020-09-01']|50|200|
['MVD']|['SYD']|['2020-08-25', '2020-09-08']|50|200|
['MVD']|['MAD']|['2020-07-26', '2020-08-02']|50|200|
['MVD']|['MAD']|['2020-07-26', '2020-08-09']|50|200|
['MVD']|['MAD']|['2020-08-25', '2020-09-01']|50|200|
['MVD']|['MAD']|['2020-08-25', '2020-09-08']|50|200|
['MVD']|['MEX']|['2020-07-26', '2020-08-02']|50|200|
['MVD']|['MEX']|['2020-07-26', '2020-08-09']|50|200|
['MVD']|['MEX']|['2020-08-25', '2020-09-01']|50|200|
['MVD']|['MEX']|['2020-08-25', '2020-09-08']|50|200|
['MVD']|['LON']|['2020-07-26', '2020-08-02']|50|200|
['MVD']|['LON']|['2020-07-26', '2020-08-09']|50|200|
['MVD']|['NYC']|['2020-07-26', '2020-08-02']|50|200|
['MAD']|['MIA']|['2020-07-26', '2020-08-09']|50|200|
['MXP']|['MXP']|['2020-08-25', '2020-09-01']|50|200|
['SIN']|['SCL']|['2020-08-25', '2020-09-08']|50|200|
['NYC']|['SYD']|['2020-07-26', '2020-08-02']|50|200|
['SCL']|['LON']|['2020-07-26', '2020-08-09']|50|200|
['BUE']|['SCL']|['2020-07-26', '2020-08-02']|50|200|
['BUE']|['MEX']|['2020-07-26', '2020-08-09']|50|200|
['MVD']|['MXP']|['2020-07-26', '2020-08-02']|50|200|
['SCL']|['MEX']|['2020-07-26', '2020-08-02']|50|200|
['MVD']|['MAD']|['2020-07-26', '2020-08-09']|50|200|
['MXP']|['SIN']|['2020-07-26', '2020-08-02']|50|200|
['SYD']|['MVD']|['2020-07-26', '2020-08-09']|50|200|
['BUE']|['MAD']|['2020-08-25', '2020-09-01']|50|200|
['MVD']|['MEX']|['2020-08-25', '2020-09-08']|50|200|
['MVD']|['BUE']|['2020-07-26', '2020-08-02']|50|200|
['MVD']|['LON']|['2020-07-26', '2020-08-09']|50|200|
['SYD']|['BUE']|['2020-08-25', '2020-09-01']|50|200|
['SIN']|['MIA']|['2020-08-25', '2020-09-08']|50|200|
['MVD']|['NYC']|['2020-07-26', '2020-08-02']|50|200|
['NYC']|['LON']|['2020-07-26', '2020-08-09']|50|200|
['MIA']|['NYC']|['2020-08-25', '2020-09-01']|50|200|
['LON']|['SIN']|['2020-08-25', '2020-09-08']|50|200|
['MIA']|['NYC']|['2020-07-26', '2020-08-02']|50|200|
['MXP']|['MXP']|['2020-07-26', '2020-08-09']|50|200|
['BUE']|['MEX']|['2020-08-25', '2020-09-01']|50|200|
['NYC']|['BUE']|['2020-08-25', '2020-09-08']|50|200|
['MVD']|['BUE']|['2020-07-01', '2020-07-01']|50|200|
['MVD']|['BUE']|['2020-07-01', '2020-07-01']|50|200|
['MVD']|['BUE']|['2020-07-01', '2020-07-01']|50|200|
['MVD']|['BUE']|['2020-07-01', '2020-07-01']|50|200|
['MVD']|['BUE']|['2020-07-01', '2020-07-01']|50|200|
['MVD']|['BUE']|['2020-07-01', '2020-07-01']|50|200|
['MVD']|['BUE']|['2020-07-01', '2020-07-01']|50|200|
['MVD']|['BUE']|['2020-07-02', '2020-07-09']|50|200|
['MVD']|['BUE']|['2020-07-01', '2020-07-01']|50|200|
['MVD']|['BUE']|['2020-07-03', '2020-07-09']|50|200|
['MVD']|['BUE']|['2020-07-01', '2020-07-01']|50|200|
['MVD']|['BUE']|['2020-07-01', '2020-07-01']|50|200|
['MVD']|['BUE']|['2020-07-01', '2020-07-01']|50|200|
['MVD']|['BUE']|['2020-07-01', '2020-07-01']|50|200|
['MVD']|['BUE']|['2020-07-01', '2020-07-01']|50|200|
['MVD']|['BUE']|['2020-07-01', '2020-07-01']|50|200|
['MVD']|['BUE']|['2020-07-01', '2020-07-01']|50|200|
['MVD']|['BUE']|['2020-07-01', '2020-07-01']|50|200|
['MVD']|['BUE']|['2020-07-01', '2020-07-01']|50|200|
['MVD']|['BUE']|['2020-07-01', '2020-07-01']|50|200|
['MVD']|['BUE']|['2020-07-01', '2020-07-01']|50|200|
['MVD']|['BUE']|['2020-07-01', '2020-07-01']|50|200|
['MVD']|['BUE']|['2020-07-01', '2020-07-01']|50|200|
['MVD']|['BUE']|['2020-07-01', '2020-07-01']|50|200|
['NYC']|['SIN']|['2020-07-31', '2020-08-07']|50|200|
['BUE']|['SCL']|['2020-07-31', '2020-08-14']|50|200|
['BUE']|['SYD']|['2020-08-30', '2020-09-06']|50|200|
['SIN']|['MXP']|['2020-07-31', '2020-08-07']|50|200|
['NYC']|['SYD']|['2020-07-31', '2020-08-07']|50|200|
['MXP']|['MAD']|['2020-07-31', '2020-08-14']|50|200|
['MIA']|['MAD']|['2020-08-30', '2020-09-06']|50|200|
['MEX']|['BUE']|['2020-08-30', '2020-09-13']|50|200|
['MVD']|['BUE']|['2020-07-01', '2020-07-01']|50|200|
['MVD']|['BUE']|['2020-07-01', '2020-07-01']|50|200|
['MVD']|['BUE']|['2020-07-01', '2020-07-01']|50|200|
['MVD']|['BUE']|['2020-07-01', '2020-07-01']|50|200|
['MVD']|['BUE']|['2020-07-01', '2020-07-01']|50|200|
['MVD']|['BUE']|['2020-07-01', '2020-07-01']|50|200|
['MVD']|['BUE']|['2020-07-01', '2020-07-01']|50|200|
['MVD']|['BUE']|['2020-07-01', '2020-07-01']|50|200|
['MVD']|['BUE']|['2020-07-01', '2020-07-01']|50|200|
['MVD']|['BUE']|['2020-07-01', '2020-07-01']|50|200|
['MVD']|['BUE']|['2020-07-01', '2020-07-01']|50|200|
['MVD']|['BUE']|['2020-07-01', '2020-07-01']|50|200|
['MVD']|['BUE']|['2020-07-01', '2020-07-01']|50|200|
['MVD']|['BUE']|['2020-07-01', '2020-07-01']|50|200|
['MVD']|['BUE']|['2020-07-01', '2020-07-01']|50|200|
['MVD']|['BUE']|['2020-07-01', '2020-07-01']|50|200|
['MVD']|['BUE']|['2020-07-01', '2020-07-01']|50|200|
['MVD']|['BUE']|['2020-07-01', '2020-07-01']|50|200|
['MVD']|['BUE']|['2020-07-01', '2020-07-01']|50|200|
['MVD']|['BUE']|['2020-07-01', '2020-07-01']|50|200|
['MVD']|['BUE']|['2020-07-01', '2020-07-01']|50|200|
['MVD']|['BUE']|['2020-07-01', '2020-07-01']|50|200|
['MVD']|['BUE']|['2020-07-01', '2020-07-01']|50|200|
['MVD']|['BUE']|['2020-07-01', '2020-07-01']|50|200|
['MVD']|['BUE']|['2020-07-01', '2020-07-01']|50|200|
['MVD']|['BUE']|['2020-07-01', '2020-07-01']|50|200|
['MVD']|['BUE']|['2020-07-02', '2020-07-09']|50|200|
['MVD']|['BUE']|['2020-07-04', '2020-07-09']|50|200|
['MVD']|['BUE']|['2020-07-03', '2020-07-09']|50|200|
['MVD']|['BUE']|['2020-07-01', '2020-07-01']|50|200|
['MVD']|['BUE']|['2020-07-01', '2020-07-01']|50|200|
['MVD']|['BUE']|['2020-07-01', '2020-07-01']|50|200|
['LHR']|['BUE']|['2020-07-31', '2020-08-07']|50|200|
['MVD']|['EZE']|['2020-07-31', '2020-08-07']|50|200|
['MVD']|['BUE']|['2020-07-01', '2020-07-01']|50|200|
['MVD']|['BUE']|['2020-07-04', '2020-07-09']|50|200|
['MVD']|['EZE']|['2020-07-15', '2020-07-22']|50|200|
['MVD']|['EZE']|['2020-07-15', '2020-07-22']|50|200|
['MVD']|['EZE']|['2020-07-15', '2020-07-22']|50|200|
['MVD']|['BUE']|['2020-07-01', '2020-07-01']|50|200|
['MVD']|['BUE']|['2020-07-01', '2020-07-01']|50|200|
['MVD']|['BUE']|['2020-07-01', '2020-07-01']|50|200|
['MVD']|['BUE']|['2020-07-25', '2020-08-01']|50|200|
['MVD']|['BUE']|['2020-07-02', '2020-07-09']|50|200|
['MVD']|['BUE']|['2020-07-02', '2020-07-09']|50|200|
['MVD']|['SIN']|['2020-07-23', '2020-07-30']|50|200|
['MVD']|['SIN']|['2020-07-24', '2020-07-30']|50|200|
['MVD']|['SIN']|['2020-07-24', '2020-07-30']|50|200|
